\BOOKMARK [1][-]{section.1}{\376\377\000P\000y\000t\000h\000o\000n\000\040\000a\000s\000s\000i\000g\000n\000m\000e\000n\000t}{}% 1
\BOOKMARK [1][-]{section.2}{\376\377\000F\000i\000r\000s\000t\000\040\000p\000a\000n\000d\000a\000s\000\040\000d\000a\000t\000a\000f\000r\000a\000m\000e\000\040\000o\000f\000\040\000A\000m\000a\000z\000o\000n\000\040\000s\000t\000o\000c\000k\000s}{}% 2
\BOOKMARK [1][-]{section.3}{\376\377\000C\000h\000e\000k\000i\000n\000g\000\040\000i\000f\000\040\000t\000i\000m\000e\000s\000t\000a\000m\000p\000\040\000i\000s\000\040\0002\0005\000\040\000y\000e\000a\000r\000s}{}% 3
\BOOKMARK [1][-]{section.4}{\376\377\000P\000R\000I\000C\000E\000S}{}% 4
\BOOKMARK [1][-]{section.5}{\376\377\000C\000a\000l\000c\000u\000l\000a\000t\000i\000n\000g\000\040\000r\000e\000t\000u\000r\000n\000s}{}% 5
\BOOKMARK [1][-]{section.6}{\376\377\000S\000c\000a\000t\000t\000e\000r\000p\000l\000o\000t\000\040\000o\000f\000\040\000p\000\137\000\173\000t\000\175\000\040\000-\000\040\000p\000\137\000\173\000t\000-\0001\000\175}{}% 6
\BOOKMARK [1][-]{section.7}{\376\377\000A\000u\000t\000o\000c\000o\000r\000r\000e\000l\000a\000t\000i\000o\000n}{}% 7
\BOOKMARK [1][-]{section.8}{\376\377\0004\000.\0001\000/\000\040\000P\000r\000i\000c\000e\000s\000\040\000a\000r\000e\000\040\000n\000o\000n\000-\000s\000t\000a\000t\000i\000o\000n\000a\000r\000y}{}% 8
\BOOKMARK [1][-]{section.9}{\376\377\0004\000.\0002\000/\000\040\000L\000o\000g\000\040\000R\000e\000t\000u\000r\000n\000s\000\040\000a\000r\000e\000\040\000S\000t\000a\000t\000i\000o\000n\000a\000r\000y}{}% 9
\BOOKMARK [1][-]{section.10}{\376\377\0004\000.\0003\000/\000\040\000A\000r\000e\000\040\000L\000o\000g\000\040\000R\000e\000t\000u\000r\000n\000s\000\040\000A\000s\000y\000m\000m\000e\000t\000r\000i\000c\000\040\000?}{}% 10
\BOOKMARK [1][-]{section.11}{\376\377\0004\000.\0004\000/\000\040\000H\000e\000a\000v\000y\000\040\000T\000a\000i\000l\000e\000d\000\040\000D\000i\000s\000t\000r\000i\000b\000u\000t\000i\000o\000n\000\040\000f\000o\000r\000\040\000t\000h\000e\000\040\000D\000a\000i\000l\000y\000\040\000L\000o\000g\000\040\000R\000e\000t\000u\000r\000n\000s\000\040\000?}{}% 11
\BOOKMARK [1][-]{section.12}{\376\377\0004\000.\0005\000/\000H\000i\000g\000h\000\040\000F\000r\000e\000q\000u\000e\000c\000y\000\040\000n\000o\000n\000-\000G\000a\000u\000s\000s\000i\000a\000n\000i\000t\000y}{}% 12
\BOOKMARK [1][-]{section.13}{\376\377\0004\000.\0006\000/\000\040\000R\000e\000t\000u\000r\000n\000s\000\040\000a\000r\000e\000\040\000n\000o\000t\000\040\000a\000u\000t\000o\000c\000o\000r\000r\000e\000l\000a\000t\000e\000d}{}% 13
\BOOKMARK [1][-]{section.14}{\376\377\0004\000.\0007\000/\000\040\000R\000e\000t\000u\000r\000n\000s\000\040\000f\000e\000a\000t\000u\000r\000e\000\040\000v\000o\000l\000a\000t\000i\000l\000i\000t\000y\000\040\000c\000l\000u\000s\000t\000e\000r\000i\000n\000g\000\040\041\324\000\040\000l\000o\000n\000g\000\040\000r\000u\000n\000\040\000r\000a\000n\000g\000e\000\040\000d\000e\000p\000e\000n\000d\000e\000n\000c\000e\000\040\000o\000f\000\040\000s\000q\000u\000a\000r\000e\000d\000\040\000r\000e\000t\000u\000r\000n\000s}{}% 14
\BOOKMARK [1][-]{section.15}{\376\377\0004\000.\0008\000/\000\040\000L\000e\000v\000e\000r\000a\000g\000e\000\040\000E\000f\000f\000e\000c\000t}{}% 15
\BOOKMARK [2][-]{subsubsection.15.0.1}{\376\377\000O\000t\000h\000e\000r\000\040\000M\000a\000t\000e\000r\000i\000a\000l}{section.15}% 16
\BOOKMARK [3][-]{subsubsection.15.0.2}{\376\377\000T\000h\000e\000\040\000t\000w\000o\000\040\000f\000i\000g\000u\000r\000e\000s\000\040\000s\000u\000b\000p\000l\000o\000t\000t\000e\000d}{subsubsection.15.0.1}% 17
\BOOKMARK [3][-]{subsubsection.15.0.3}{\376\377\000Q\000Q\000-\000p\000l\000o\000t\000\040\000\050\000N\000o\000r\000m\000a\000l\000\040\000d\000i\000s\000t\000r\000i\000b\000u\000t\000i\000o\000n\000\051}{subsubsection.15.0.1}% 18
\BOOKMARK [3][-]{subsubsection.15.0.4}{\376\377\000K\000e\000r\000n\000e\000l\000\040\000d\000e\000n\000s\000i\000t\000y}{subsubsection.15.0.1}% 19
\BOOKMARK [2][-]{subsection.15.1}{\376\377\000S\000u\000m\000m\000a\000r\000y\000\040\000S\000t\000a\000t\000i\000s\000t\000i\000c\000s}{section.15}% 20
\BOOKMARK [3][-]{subsubsection.15.1.1}{\376\377\000S\000k\000e\000w\000n\000e\000s\000s\000\040\000\046\000\040\000K\000u\000r\000t\000o\000s\000i\000s}{subsection.15.1}% 21
\BOOKMARK [3][-]{subsubsection.15.1.2}{\376\377\000N\000o\000r\000m\000a\000l\000i\000t\000y\000\040\000T\000e\000s\000t\000s}{subsection.15.1}% 22
\BOOKMARK [3][-]{subsubsection.15.1.3}{\376\377\000O\000t\000h\000e\000r\000\040\000n\000o\000r\000m\000a\000l\000i\000t\000y\000\040\000t\000e\000s\000t\000s\000:}{subsection.15.1}% 23
\BOOKMARK [2][-]{subsection.15.2}{\376\377\000G\000e\000n\000e\000r\000a\000t\000e\000s\000\040\000t\000a\000b\000l\000e\000\040\000e\000x\000a\000c\000t\000l\000y\000\040\000e\000q\000u\000a\000l\000\040\000t\000o\000\040\000t\000h\000e\000\040\000o\000n\000e\000\040\000i\000n\000\040\000s\000l\000i\000d\000e\000\040\000n\000.\0009\0001}{section.15}% 24
